{"name": "test_enter_user_and_buy_iphone13pro", "status": "broken", "statusDetails": {"message": "selenium.common.exceptions.TimeoutException: Message: \nStacktrace:\nBacktrace:\n\tOrdinal0 [0x0080ACD3+2075859]\n\tOrdinal0 [0x0079EE61+1633889]\n\tOrdinal0 [0x0069B7BD+571325]\n\tOrdinal0 [0x006CAC2F+764975]\n\tOrdinal0 [0x006CAE1B+765467]\n\tOrdinal0 [0x006FD0F2+970994]\n\tOrdinal0 [0x006E7364+881508]\n\tOrdinal0 [0x006FB56A+963946]\n\tOrdinal0 [0x006E7136+880950]\n\tOrdinal0 [0x006BFEFD+720637]\n\tOrdinal0 [0x006C0F3F+724799]\n\tGetHandleVerifier [0x00ABEED2+2769538]\n\tGetHandleVerifier [0x00AB0D95+2711877]\n\tGetHandleVerifier [0x0089A03A+521194]\n\tGetHandleVerifier [0x00898DA0+516432]\n\tOrdinal0 [0x007A682C+1665068]\n\tOrdinal0 [0x007AB128+1683752]\n\tOrdinal0 [0x007AB215+1683989]\n\tOrdinal0 [0x007B6484+1729668]\n\tBaseThreadInitThunk [0x7532FEF9+25]\n\tRtlGetAppContainerNamedObjectPath [0x774B7BBE+286]\n\tRtlGetAppContainerNamedObjectPath [0x774B7B8E+238]", "trace": "set_up = None\n\n    @pytest.mark.run(order=10)\n    @allure.description(\"test enter user and buy iphone13pro\")\n    def test_enter_user_and_buy_iphone13pro(set_up):\n>       Main_Pages_class.enter_user_and_buy_iphone13pro()\n\ntests\\test_main_page.py:60: \n_ _ _ _ _ _ _ _ _ _ _ _ _ _ _ _ _ _ _ _ _ _ _ _ _ _ _ _ _ _ _ _ _ _ _ _ _ _ _ _ _ _ _ _ _ _ _ _ _ _ _ _ _ _ _ _ _ _ _ _ _ _ _ _ _ _ _ _ _ _ _ _ _ _ _ _ _ _ _ _ _ _ _ _ _ _ _ _ _ _ _ _\npages\\main_page.py:285: in enter_user_and_buy_iphone13pro\n    self.click_button_basket()\npages\\basket_page.py:156: in click_button_basket\n    self.get_button_basket().click()\npages\\basket_page.py:99: in get_button_basket\n    return WebDriverWait(self.driver, timeout=30).until(EC.element_to_be_clickable((By.XPATH,\n_ _ _ _ _ _ _ _ _ _ _ _ _ _ _ _ _ _ _ _ _ _ _ _ _ _ _ _ _ _ _ _ _ _ _ _ _ _ _ _ _ _ _ _ _ _ _ _ _ _ _ _ _ _ _ _ _ _ _ _ _ _ _ _ _ _ _ _ _ _ _ _ _ _ _ _ _ _ _ _ _ _ _ _ _ _ _ _ _ _ _ _\n\nself = <selenium.webdriver.support.wait.WebDriverWait (session=\"3884b8b6bccdae8d04e605a274b58524\")>\nmethod = <function element_to_be_clickable.<locals>._predicate at 0x00000246FCFD7CA0>, message = ''\n\n    def until(self, method, message: str = \"\"):\n        \"\"\"Calls the method provided with the driver as an argument until the \\\n        return value does not evaluate to ``False``.\n    \n        :param method: callable(WebDriver)\n        :param message: optional message for :exc:`TimeoutException`\n        :returns: the result of the last call to `method`\n        :raises: :exc:`selenium.common.exceptions.TimeoutException` if timeout occurs\n        \"\"\"\n        screen = None\n        stacktrace = None\n    \n        end_time = time.monotonic() + self._timeout\n        while True:\n            try:\n                value = method(self._driver)\n                if value:\n                    return value\n            except self._ignored_exceptions as exc:\n                screen = getattr(exc, 'screen', None)\n                stacktrace = getattr(exc, 'stacktrace', None)\n            time.sleep(self._poll)\n            if time.monotonic() > end_time:\n                break\n>       raise TimeoutException(message, screen, stacktrace)\nE       selenium.common.exceptions.TimeoutException: Message: \nE       Stacktrace:\nE       Backtrace:\nE       \tOrdinal0 [0x0080ACD3+2075859]\nE       \tOrdinal0 [0x0079EE61+1633889]\nE       \tOrdinal0 [0x0069B7BD+571325]\nE       \tOrdinal0 [0x006CAC2F+764975]\nE       \tOrdinal0 [0x006CAE1B+765467]\nE       \tOrdinal0 [0x006FD0F2+970994]\nE       \tOrdinal0 [0x006E7364+881508]\nE       \tOrdinal0 [0x006FB56A+963946]\nE       \tOrdinal0 [0x006E7136+880950]\nE       \tOrdinal0 [0x006BFEFD+720637]\nE       \tOrdinal0 [0x006C0F3F+724799]\nE       \tGetHandleVerifier [0x00ABEED2+2769538]\nE       \tGetHandleVerifier [0x00AB0D95+2711877]\nE       \tGetHandleVerifier [0x0089A03A+521194]\nE       \tGetHandleVerifier [0x00898DA0+516432]\nE       \tOrdinal0 [0x007A682C+1665068]\nE       \tOrdinal0 [0x007AB128+1683752]\nE       \tOrdinal0 [0x007AB215+1683989]\nE       \tOrdinal0 [0x007B6484+1729668]\nE       \tBaseThreadInitThunk [0x7532FEF9+25]\nE       \tRtlGetAppContainerNamedObjectPath [0x774B7BBE+286]\nE       \tRtlGetAppContainerNamedObjectPath [0x774B7B8E+238]\n\n..\\auto_Vse_Instr\\venv\\lib\\site-packages\\selenium\\webdriver\\support\\wait.py:90: TimeoutException"}, "description": "test enter user and buy iphone13pro", "steps": [{"name": "enter user and buy iphone13pro", "status": "broken", "statusDetails": {"message": "selenium.common.exceptions.TimeoutException: Message: \nStacktrace:\nBacktrace:\n\tOrdinal0 [0x0080ACD3+2075859]\n\tOrdinal0 [0x0079EE61+1633889]\n\tOrdinal0 [0x0069B7BD+571325]\n\tOrdinal0 [0x006CAC2F+764975]\n\tOrdinal0 [0x006CAE1B+765467]\n\tOrdinal0 [0x006FD0F2+970994]\n\tOrdinal0 [0x006E7364+881508]\n\tOrdinal0 [0x006FB56A+963946]\n\tOrdinal0 [0x006E7136+880950]\n\tOrdinal0 [0x006BFEFD+720637]\n\tOrdinal0 [0x006C0F3F+724799]\n\tGetHandleVerifier [0x00ABEED2+2769538]\n\tGetHandleVerifier [0x00AB0D95+2711877]\n\tGetHandleVerifier [0x0089A03A+521194]\n\tGetHandleVerifier [0x00898DA0+516432]\n\tOrdinal0 [0x007A682C+1665068]\n\tOrdinal0 [0x007AB128+1683752]\n\tOrdinal0 [0x007AB215+1683989]\n\tOrdinal0 [0x007B6484+1729668]\n\tBaseThreadInitThunk [0x7532FEF9+25]\n\tRtlGetAppContainerNamedObjectPath [0x774B7BBE+286]\n\tRtlGetAppContainerNamedObjectPath [0x774B7B8E+238]\n\n", "trace": "  File \"C:\\Users\\satanavsarae\\PycharmProjects\\Auto_MVideo_single_test\\pages\\main_page.py\", line 285, in enter_user_and_buy_iphone13pro\n    self.click_button_basket()\n  File \"C:\\Users\\satanavsarae\\PycharmProjects\\Auto_MVideo_single_test\\pages\\basket_page.py\", line 156, in click_button_basket\n    self.get_button_basket().click()\n  File \"C:\\Users\\satanavsarae\\PycharmProjects\\Auto_MVideo_single_test\\pages\\basket_page.py\", line 99, in get_button_basket\n    return WebDriverWait(self.driver, timeout=30).until(EC.element_to_be_clickable((By.XPATH,\n  File \"C:\\Users\\satanavsarae\\PycharmProjects\\auto_Vse_Instr\\venv\\lib\\site-packages\\selenium\\webdriver\\support\\wait.py\", line 90, in until\n    raise TimeoutException(message, screen, stacktrace)\n"}, "start": 1668442745513, "stop": 1668442847054}], "start": 1668442745513, "stop": 1668442847057, "uuid": "be1bcb3e-b421-41ae-b462-609615dfdbfc", "historyId": "a8f10311e301cae5c5bf4dd2698b5bfc", "testCaseId": "d43f13ed3f765fc64b2fc3029354388a", "fullName": "tests.test_main_page#test_enter_user_and_buy_iphone13pro", "labels": [{"name": "tag", "value": "run(order=10)"}, {"name": "parentSuite", "value": "tests"}, {"name": "suite", "value": "test_main_page"}, {"name": "host", "value": "LAPTOP-Q3SB05RC"}, {"name": "thread", "value": "6556-MainThread"}, {"name": "framework", "value": "pytest"}, {"name": "language", "value": "cpython3"}, {"name": "package", "value": "tests.test_main_page"}]}