{"name": "test_registration_user", "status": "broken", "statusDetails": {"message": "selenium.common.exceptions.TimeoutException: Message: \nStacktrace:\nBacktrace:\n\tOrdinal0 [0x0080ACD3+2075859]\n\tOrdinal0 [0x0079EE61+1633889]\n\tOrdinal0 [0x0069B7BD+571325]\n\tOrdinal0 [0x006CAC2F+764975]\n\tOrdinal0 [0x006CAE1B+765467]\n\tOrdinal0 [0x006FD0F2+970994]\n\tOrdinal0 [0x006E7364+881508]\n\tOrdinal0 [0x006FB56A+963946]\n\tOrdinal0 [0x006E7136+880950]\n\tOrdinal0 [0x006BFEFD+720637]\n\tOrdinal0 [0x006C0F3F+724799]\n\tGetHandleVerifier [0x00ABEED2+2769538]\n\tGetHandleVerifier [0x00AB0D95+2711877]\n\tGetHandleVerifier [0x0089A03A+521194]\n\tGetHandleVerifier [0x00898DA0+516432]\n\tOrdinal0 [0x007A682C+1665068]\n\tOrdinal0 [0x007AB128+1683752]\n\tOrdinal0 [0x007AB215+1683989]\n\tOrdinal0 [0x007B6484+1729668]\n\tBaseThreadInitThunk [0x7532FEF9+25]\n\tRtlGetAppContainerNamedObjectPath [0x774B7BBE+286]\n\tRtlGetAppContainerNamedObjectPath [0x774B7B8E+238]", "trace": "set_up = None\n\n    @pytest.mark.run(order=11)\n    @allure.description(\"test registration user\")\n    def test_registration_user(set_up):\n>       Main_Pages_class.registration_user()\n\ntests\\test_main_page.py:24: \n_ _ _ _ _ _ _ _ _ _ _ _ _ _ _ _ _ _ _ _ _ _ _ _ _ _ _ _ _ _ _ _ _ _ _ _ _ _ _ _ _ _ _ _ _ _ _ _ _ _ _ _ _ _ _ _ _ _ _ _ _ _ _ _ _ _ _ _ _ _ _ _ _ _ _ _ _ _ _ _ _ _ _ _ _ _ _ _ _ _ _ _\npages\\main_page.py:192: in registration_user\n    self.click_link_enter()\npages\\main_page.py:108: in click_link_enter\n    self.get_link_enter().click()\npages\\main_page.py:43: in get_link_enter\n    return WebDriverWait(self.driver, timeout=30).until(EC.element_to_be_clickable((By.XPATH,\n_ _ _ _ _ _ _ _ _ _ _ _ _ _ _ _ _ _ _ _ _ _ _ _ _ _ _ _ _ _ _ _ _ _ _ _ _ _ _ _ _ _ _ _ _ _ _ _ _ _ _ _ _ _ _ _ _ _ _ _ _ _ _ _ _ _ _ _ _ _ _ _ _ _ _ _ _ _ _ _ _ _ _ _ _ _ _ _ _ _ _ _\n\nself = <selenium.webdriver.support.wait.WebDriverWait (session=\"3884b8b6bccdae8d04e605a274b58524\")>\nmethod = <function element_to_be_clickable.<locals>._predicate at 0x00000246FD078700>, message = ''\n\n    def until(self, method, message: str = \"\"):\n        \"\"\"Calls the method provided with the driver as an argument until the \\\n        return value does not evaluate to ``False``.\n    \n        :param method: callable(WebDriver)\n        :param message: optional message for :exc:`TimeoutException`\n        :returns: the result of the last call to `method`\n        :raises: :exc:`selenium.common.exceptions.TimeoutException` if timeout occurs\n        \"\"\"\n        screen = None\n        stacktrace = None\n    \n        end_time = time.monotonic() + self._timeout\n        while True:\n            try:\n                value = method(self._driver)\n                if value:\n                    return value\n            except self._ignored_exceptions as exc:\n                screen = getattr(exc, 'screen', None)\n                stacktrace = getattr(exc, 'stacktrace', None)\n            time.sleep(self._poll)\n            if time.monotonic() > end_time:\n                break\n>       raise TimeoutException(message, screen, stacktrace)\nE       selenium.common.exceptions.TimeoutException: Message: \nE       Stacktrace:\nE       Backtrace:\nE       \tOrdinal0 [0x0080ACD3+2075859]\nE       \tOrdinal0 [0x0079EE61+1633889]\nE       \tOrdinal0 [0x0069B7BD+571325]\nE       \tOrdinal0 [0x006CAC2F+764975]\nE       \tOrdinal0 [0x006CAE1B+765467]\nE       \tOrdinal0 [0x006FD0F2+970994]\nE       \tOrdinal0 [0x006E7364+881508]\nE       \tOrdinal0 [0x006FB56A+963946]\nE       \tOrdinal0 [0x006E7136+880950]\nE       \tOrdinal0 [0x006BFEFD+720637]\nE       \tOrdinal0 [0x006C0F3F+724799]\nE       \tGetHandleVerifier [0x00ABEED2+2769538]\nE       \tGetHandleVerifier [0x00AB0D95+2711877]\nE       \tGetHandleVerifier [0x0089A03A+521194]\nE       \tGetHandleVerifier [0x00898DA0+516432]\nE       \tOrdinal0 [0x007A682C+1665068]\nE       \tOrdinal0 [0x007AB128+1683752]\nE       \tOrdinal0 [0x007AB215+1683989]\nE       \tOrdinal0 [0x007B6484+1729668]\nE       \tBaseThreadInitThunk [0x7532FEF9+25]\nE       \tRtlGetAppContainerNamedObjectPath [0x774B7BBE+286]\nE       \tRtlGetAppContainerNamedObjectPath [0x774B7B8E+238]\n\n..\\auto_Vse_Instr\\venv\\lib\\site-packages\\selenium\\webdriver\\support\\wait.py:90: TimeoutException"}, "description": "test registration user", "steps": [{"name": "registration user", "status": "broken", "statusDetails": {"message": "selenium.common.exceptions.TimeoutException: Message: \nStacktrace:\nBacktrace:\n\tOrdinal0 [0x0080ACD3+2075859]\n\tOrdinal0 [0x0079EE61+1633889]\n\tOrdinal0 [0x0069B7BD+571325]\n\tOrdinal0 [0x006CAC2F+764975]\n\tOrdinal0 [0x006CAE1B+765467]\n\tOrdinal0 [0x006FD0F2+970994]\n\tOrdinal0 [0x006E7364+881508]\n\tOrdinal0 [0x006FB56A+963946]\n\tOrdinal0 [0x006E7136+880950]\n\tOrdinal0 [0x006BFEFD+720637]\n\tOrdinal0 [0x006C0F3F+724799]\n\tGetHandleVerifier [0x00ABEED2+2769538]\n\tGetHandleVerifier [0x00AB0D95+2711877]\n\tGetHandleVerifier [0x0089A03A+521194]\n\tGetHandleVerifier [0x00898DA0+516432]\n\tOrdinal0 [0x007A682C+1665068]\n\tOrdinal0 [0x007AB128+1683752]\n\tOrdinal0 [0x007AB215+1683989]\n\tOrdinal0 [0x007B6484+1729668]\n\tBaseThreadInitThunk [0x7532FEF9+25]\n\tRtlGetAppContainerNamedObjectPath [0x774B7BBE+286]\n\tRtlGetAppContainerNamedObjectPath [0x774B7B8E+238]\n\n", "trace": "  File \"C:\\Users\\satanavsarae\\PycharmProjects\\Auto_MVideo_single_test\\pages\\main_page.py\", line 192, in registration_user\n    self.click_link_enter()\n  File \"C:\\Users\\satanavsarae\\PycharmProjects\\Auto_MVideo_single_test\\pages\\main_page.py\", line 108, in click_link_enter\n    self.get_link_enter().click()\n  File \"C:\\Users\\satanavsarae\\PycharmProjects\\Auto_MVideo_single_test\\pages\\main_page.py\", line 43, in get_link_enter\n    return WebDriverWait(self.driver, timeout=30).until(EC.element_to_be_clickable((By.XPATH,\n  File \"C:\\Users\\satanavsarae\\PycharmProjects\\auto_Vse_Instr\\venv\\lib\\site-packages\\selenium\\webdriver\\support\\wait.py\", line 90, in until\n    raise TimeoutException(message, screen, stacktrace)\n"}, "start": 1668442847274, "stop": 1668442881250}], "start": 1668442847274, "stop": 1668442881250, "uuid": "a5e70931-750c-41fd-ab17-384581e41b2e", "historyId": "a24d536e0b2c5b501805b4f4371eceae", "testCaseId": "80eee717d085b7e06a20e804983c89e3", "fullName": "tests.test_main_page#test_registration_user", "labels": [{"name": "tag", "value": "run(order=11)"}, {"name": "parentSuite", "value": "tests"}, {"name": "suite", "value": "test_main_page"}, {"name": "host", "value": "LAPTOP-Q3SB05RC"}, {"name": "thread", "value": "6556-MainThread"}, {"name": "framework", "value": "pytest"}, {"name": "language", "value": "cpython3"}, {"name": "package", "value": "tests.test_main_page"}]}